18:58:24,544 |-INFO in ch.qos.logback.classic.LoggerContext[default] - Could NOT find resource [logback.groovy]
18:58:24,544 |-INFO in ch.qos.logback.classic.LoggerContext[default] - Could NOT find resource [logback-test.xml]
18:58:24,544 |-INFO in ch.qos.logback.classic.LoggerContext[default] - Found resource [logback.xml] at [jar:file:/home/cooky/documents/tf/api-service/dist/api-service.jar!/logback.xml]
18:58:24,556 |-INFO in ch.qos.logback.core.joran.spi.ConfigurationWatchList@7d8995e - URL [jar:file:/home/cooky/documents/tf/api-service/dist/api-service.jar!/logback.xml] is not of type file
18:58:24,677 |-INFO in ch.qos.logback.classic.joran.action.ConfigurationAction - debug attribute not set
18:58:24,680 |-INFO in ch.qos.logback.core.joran.action.ShutdownHookAction - About to instantiate shutdown hook of type [ch.qos.logback.core.hook.DelayingShutdownHook]
18:58:24,682 |-INFO in ch.qos.logback.classic.joran.action.LoggerContextListenerAction - Adding LoggerContextListener of type [ch.qos.logback.classic.jul.LevelChangePropagator] to the object stack
18:58:24,692 |-INFO in ch.qos.logback.classic.jul.LevelChangePropagator@130d63be - Propagating DEBUG level on Logger[ROOT] onto the JUL framework
18:58:24,692 |-INFO in ch.qos.logback.classic.joran.action.LoggerContextListenerAction - Starting LoggerContextListener
18:58:24,692 |-INFO in ch.qos.logback.core.joran.action.AppenderAction - About to instantiate appender of type [ch.qos.logback.core.ConsoleAppender]
18:58:24,694 |-INFO in ch.qos.logback.core.joran.action.AppenderAction - Naming appender as [STDOUT]
18:58:24,730 |-WARN in ch.qos.logback.core.ConsoleAppender[STDOUT] - This appender no longer admits a layout as a sub-component, set an encoder instead.
18:58:24,730 |-WARN in ch.qos.logback.core.ConsoleAppender[STDOUT] - To ensure compatibility, wrapping your layout in LayoutWrappingEncoder.
18:58:24,730 |-WARN in ch.qos.logback.core.ConsoleAppender[STDOUT] - See also http://logback.qos.ch/codes.html#layoutInsteadOfEncoder for details
18:58:24,730 |-INFO in ch.qos.logback.core.joran.action.AppenderAction - About to instantiate appender of type [ch.qos.logback.core.rolling.RollingFileAppender]
18:58:24,732 |-INFO in ch.qos.logback.core.joran.action.AppenderAction - Naming appender as [SERVICE]
18:58:24,739 |-INFO in ch.qos.logback.core.rolling.FixedWindowRollingPolicy@42a48628 - No compression will be used
18:58:24,742 |-INFO in ch.qos.logback.core.joran.action.NestedComplexPropertyIA - Assuming default type [ch.qos.logback.classic.encoder.PatternLayoutEncoder] for [encoder] property
18:58:24,743 |-INFO in ch.qos.logback.core.rolling.RollingFileAppender[SERVICE] - Active log file name: logs/service.log
18:58:24,743 |-INFO in ch.qos.logback.core.rolling.RollingFileAppender[SERVICE] - File property is set to [logs/service.log]
18:58:24,744 |-INFO in ch.qos.logback.core.joran.action.AppenderAction - About to instantiate appender of type [ch.qos.logback.core.rolling.RollingFileAppender]
18:58:24,744 |-INFO in ch.qos.logback.core.joran.action.AppenderAction - Naming appender as [ACCESS]
18:58:24,745 |-INFO in ch.qos.logback.core.rolling.FixedWindowRollingPolicy@293a5bf6 - No compression will be used
18:58:24,745 |-INFO in ch.qos.logback.core.joran.action.NestedComplexPropertyIA - Assuming default type [ch.qos.logback.classic.encoder.PatternLayoutEncoder] for [encoder] property
18:58:24,745 |-INFO in ch.qos.logback.core.rolling.RollingFileAppender[ACCESS] - Active log file name: logs/access.log
18:58:24,745 |-INFO in ch.qos.logback.core.rolling.RollingFileAppender[ACCESS] - File property is set to [logs/access.log]
18:58:24,745 |-INFO in ch.qos.logback.core.joran.action.AppenderAction - About to instantiate appender of type [ch.qos.logback.core.rolling.RollingFileAppender]
18:58:24,745 |-INFO in ch.qos.logback.core.joran.action.AppenderAction - Naming appender as [COMMON_EXCEPTION]
18:58:24,746 |-INFO in ch.qos.logback.core.rolling.FixedWindowRollingPolicy@6aeb35e6 - No compression will be used
18:58:24,746 |-INFO in ch.qos.logback.core.joran.action.NestedComplexPropertyIA - Assuming default type [ch.qos.logback.classic.encoder.PatternLayoutEncoder] for [encoder] property
18:58:24,747 |-INFO in ch.qos.logback.core.rolling.RollingFileAppender[COMMON_EXCEPTION] - Active log file name: logs/common_exception.log
18:58:24,747 |-INFO in ch.qos.logback.core.rolling.RollingFileAppender[COMMON_EXCEPTION] - File property is set to [logs/common_exception.log]
18:58:24,748 |-INFO in ch.qos.logback.core.joran.action.AppenderAction - About to instantiate appender of type [ch.qos.logback.classic.AsyncAppender]
18:58:24,749 |-INFO in ch.qos.logback.core.joran.action.AppenderAction - Naming appender as [ASYNC-SERVICE]
18:58:24,750 |-INFO in ch.qos.logback.core.joran.action.AppenderRefAction - Attaching appender named [SERVICE] to ch.qos.logback.classic.AsyncAppender[ASYNC-SERVICE]
18:58:24,750 |-INFO in ch.qos.logback.classic.AsyncAppender[ASYNC-SERVICE] - Attaching appender named [SERVICE] to AsyncAppender.
18:58:24,751 |-INFO in ch.qos.logback.classic.AsyncAppender[ASYNC-SERVICE] - Setting discardingThreshold to 204
18:58:24,751 |-INFO in ch.qos.logback.core.joran.action.AppenderAction - About to instantiate appender of type [ch.qos.logback.classic.AsyncAppender]
18:58:24,751 |-INFO in ch.qos.logback.core.joran.action.AppenderAction - Naming appender as [ASYNC-COMMON_EXCEPTION]
18:58:24,751 |-INFO in ch.qos.logback.core.joran.action.AppenderRefAction - Attaching appender named [COMMON_EXCEPTION] to ch.qos.logback.classic.AsyncAppender[ASYNC-COMMON_EXCEPTION]
18:58:24,751 |-INFO in ch.qos.logback.classic.AsyncAppender[ASYNC-COMMON_EXCEPTION] - Attaching appender named [COMMON_EXCEPTION] to AsyncAppender.
18:58:24,751 |-INFO in ch.qos.logback.classic.AsyncAppender[ASYNC-COMMON_EXCEPTION] - Setting discardingThreshold to 204
18:58:24,752 |-INFO in ch.qos.logback.core.joran.action.AppenderAction - About to instantiate appender of type [ch.qos.logback.classic.AsyncAppender]
18:58:24,752 |-INFO in ch.qos.logback.core.joran.action.AppenderAction - Naming appender as [ASYNC-ACCESS]
18:58:24,752 |-INFO in ch.qos.logback.core.joran.action.AppenderRefAction - Attaching appender named [ACCESS] to ch.qos.logback.classic.AsyncAppender[ASYNC-ACCESS]
18:58:24,752 |-INFO in ch.qos.logback.classic.AsyncAppender[ASYNC-ACCESS] - Attaching appender named [ACCESS] to AsyncAppender.
18:58:24,752 |-INFO in ch.qos.logback.classic.AsyncAppender[ASYNC-ACCESS] - Setting discardingThreshold to 204
18:58:24,752 |-INFO in ch.qos.logback.classic.joran.action.RootLoggerAction - Setting level of ROOT logger to INFO
18:58:24,752 |-INFO in ch.qos.logback.classic.jul.LevelChangePropagator@130d63be - Propagating INFO level on Logger[ROOT] onto the JUL framework
18:58:24,752 |-INFO in ch.qos.logback.core.joran.action.AppenderRefAction - Attaching appender named [ASYNC-SERVICE] to Logger[ROOT]
18:58:24,752 |-INFO in ch.qos.logback.core.joran.action.AppenderRefAction - Attaching appender named [STDOUT] to Logger[ROOT]
18:58:24,753 |-INFO in ch.qos.logback.classic.joran.action.LoggerAction - Setting level of logger [com.twitter.finatra.http.filters.AccessLoggingFilter] to INFO
18:58:24,753 |-INFO in ch.qos.logback.classic.jul.LevelChangePropagator@130d63be - Propagating INFO level on Logger[com.twitter.finatra.http.filters.AccessLoggingFilter] onto the JUL framework
18:58:24,753 |-INFO in ch.qos.logback.classic.joran.action.LoggerAction - Setting additivity of logger [com.twitter.finatra.http.filters.AccessLoggingFilter] to false
18:58:24,753 |-INFO in ch.qos.logback.core.joran.action.AppenderRefAction - Attaching appender named [ASYNC-ACCESS] to Logger[com.twitter.finatra.http.filters.AccessLoggingFilter]
18:58:24,753 |-INFO in ch.qos.logback.classic.joran.action.LoggerAction - Setting level of logger [CommonExceptionMapping] to WARN
18:58:24,753 |-INFO in ch.qos.logback.classic.jul.LevelChangePropagator@130d63be - Propagating WARN level on Logger[CommonExceptionMapping] onto the JUL framework
18:58:24,753 |-INFO in ch.qos.logback.classic.joran.action.LoggerAction - Setting additivity of logger [CommonExceptionMapping] to false
18:58:24,753 |-INFO in ch.qos.logback.core.joran.action.AppenderRefAction - Attaching appender named [ASYNC-COMMON_EXCEPTION] to Logger[CommonExceptionMapping]
18:58:24,753 |-INFO in ch.qos.logback.classic.joran.action.ConfigurationAction - End of configuration.
18:58:24,754 |-INFO in ch.qos.logback.classic.joran.JoranConfigurator@1283bb96 - Registering current configuration as safe fallback point

2020-11-24 18:58:24 [main] INFO  c.t.util.logging.Slf4jBridgeUtility$ - org.slf4j.bridge.SLF4JBridgeHandler installed.
2020-11-24 18:58:25 [main] INFO  com.twitter.finagle.http.HttpMuxer$ - HttpMuxer[/admin/metrics.json] = com.twitter.finagle.stats.MetricsExporter(<function1>)
2020-11-24 18:58:25 [main] INFO  com.twitter.finagle.http.HttpMuxer$ - HttpMuxer[/admin/per_host_metrics.json] = com.twitter.finagle.stats.HostMetricsExporter(<function1>)
2020-11-24 18:58:25 [main] INFO  xed.api_service.MainApp$ - Process started
Loading app mode:
 - From properties: development
 - From ENV: null
Use mode: development
Flag local.doc.root already defined!
Flag doc.root already defined!
2020-11-24 18:58:25 [main] INFO  xed.api_service.MainApp$ - Serving admin http on 0.0.0.0/0.0.0.0:9990
2020-11-24 18:58:26 [main] INFO  com.twitter.finagle - Finagle version 18.4.0 (rev=82da7ddebf5de885f2adaf556d91ef39c2ffe937) built at 20180410-151513
com.google.inject.CreationException: Unable to create injector, see the following errors:

1) No implementation for xed.api_service.service.statistic.CountService was bound.
  while locating xed.api_service.service.statistic.CountService
    for parameter 0 at xed.api_service.service.SimpleAlertService.<init>(AlertService.scala:21)
  at xed.api_service.module.XedApiModule$.configure(XedModule.scala:83) (via modules: com.google.inject.util.Modules$OverrideModule -> xed.api_service.module.XedApiModule$)

2) No implementation for xed.api_service.service.statistic.CountService was bound.
  at xed.api_service.module.XedApiModule$.providesDeckEventPublisher(XedModule.scala:150) (via modules: com.google.inject.util.Modules$OverrideModule -> xed.api_service.module.XedApiModule$)

2 errors
	at com.google.inject.internal.Errors.throwCreationExceptionIfErrorsExist(Errors.java:466)
	at com.google.inject.internal.InternalInjectorCreator.initializeStatically(InternalInjectorCreator.java:155)
	at com.google.inject.internal.InternalInjectorCreator.build(InternalInjectorCreator.java:107)
	at com.google.inject.Guice.createInjector(Guice.java:96)
	at com.google.inject.Guice.createInjector(Guice.java:84)
	at com.twitter.inject.app.internal.InstalledModules$.create(InstalledModules.scala:37)
	at com.twitter.inject.app.App$class.loadModules(App.scala:137)
	at xed.api_service.Server.loadModules(Server.scala:37)
	at com.twitter.inject.app.App$class.main(App.scala:52)
	at xed.api_service.Server.com$twitter$inject$server$TwitterServer$$super$main(Server.scala:37)
	at com.twitter.inject.server.TwitterServer$class.main(TwitterServer.scala:160)
	at xed.api_service.Server.main(Server.scala:37)
	at sun.reflect.NativeMethodAccessorImpl.invoke0(Native Method)
	at sun.reflect.NativeMethodAccessorImpl.invoke(NativeMethodAccessorImpl.java:62)
	at sun.reflect.DelegatingMethodAccessorImpl.invoke(DelegatingMethodAccessorImpl.java:43)
	at java.lang.reflect.Method.invoke(Method.java:498)
	at com.twitter.app.App$$anonfun$nonExitingMain$4.apply(App.scala:342)
	at com.twitter.app.App$$anonfun$nonExitingMain$4.apply(App.scala:341)
	at scala.Option.foreach(Option.scala:257)
	at com.twitter.app.App$class.nonExitingMain(App.scala:341)
	at xed.api_service.Server.nonExitingMain(Server.scala:37)
	at com.twitter.app.App$class.main(App.scala:304)
	at xed.api_service.Server.main(Server.scala:37)
	at xed.api_service.MainApp.main(Server.scala)
Exception thrown in main on startup

20:36:19,482 |-INFO in ch.qos.logback.classic.LoggerContext[default] - Could NOT find resource [logback.groovy]
20:36:19,482 |-INFO in ch.qos.logback.classic.LoggerContext[default] - Could NOT find resource [logback-test.xml]
20:36:19,482 |-INFO in ch.qos.logback.classic.LoggerContext[default] - Found resource [logback.xml] at [jar:file:/home/cooky/documents/tf/api-service/dist/api-service.jar!/logback.xml]
20:36:19,494 |-INFO in ch.qos.logback.core.joran.spi.ConfigurationWatchList@7d8995e - URL [jar:file:/home/cooky/documents/tf/api-service/dist/api-service.jar!/logback.xml] is not of type file
20:36:19,551 |-INFO in ch.qos.logback.classic.joran.action.ConfigurationAction - debug attribute not set
20:36:19,556 |-INFO in ch.qos.logback.core.joran.action.ShutdownHookAction - About to instantiate shutdown hook of type [ch.qos.logback.core.hook.DelayingShutdownHook]
20:36:19,558 |-INFO in ch.qos.logback.classic.joran.action.LoggerContextListenerAction - Adding LoggerContextListener of type [ch.qos.logback.classic.jul.LevelChangePropagator] to the object stack
20:36:19,570 |-INFO in ch.qos.logback.classic.jul.LevelChangePropagator@130d63be - Propagating DEBUG level on Logger[ROOT] onto the JUL framework
20:36:19,570 |-INFO in ch.qos.logback.classic.joran.action.LoggerContextListenerAction - Starting LoggerContextListener
20:36:19,570 |-INFO in ch.qos.logback.core.joran.action.AppenderAction - About to instantiate appender of type [ch.qos.logback.core.ConsoleAppender]
20:36:19,572 |-INFO in ch.qos.logback.core.joran.action.AppenderAction - Naming appender as [STDOUT]
20:36:19,605 |-WARN in ch.qos.logback.core.ConsoleAppender[STDOUT] - This appender no longer admits a layout as a sub-component, set an encoder instead.
20:36:19,605 |-WARN in ch.qos.logback.core.ConsoleAppender[STDOUT] - To ensure compatibility, wrapping your layout in LayoutWrappingEncoder.
20:36:19,605 |-WARN in ch.qos.logback.core.ConsoleAppender[STDOUT] - See also http://logback.qos.ch/codes.html#layoutInsteadOfEncoder for details
20:36:19,606 |-INFO in ch.qos.logback.core.joran.action.AppenderAction - About to instantiate appender of type [ch.qos.logback.core.rolling.RollingFileAppender]
20:36:19,607 |-INFO in ch.qos.logback.core.joran.action.AppenderAction - Naming appender as [SERVICE]
20:36:19,613 |-INFO in ch.qos.logback.core.rolling.FixedWindowRollingPolicy@42a48628 - No compression will be used
20:36:19,616 |-INFO in ch.qos.logback.core.joran.action.NestedComplexPropertyIA - Assuming default type [ch.qos.logback.classic.encoder.PatternLayoutEncoder] for [encoder] property
20:36:19,618 |-INFO in ch.qos.logback.core.rolling.RollingFileAppender[SERVICE] - Active log file name: logs/service.log
20:36:19,618 |-INFO in ch.qos.logback.core.rolling.RollingFileAppender[SERVICE] - File property is set to [logs/service.log]
20:36:19,619 |-INFO in ch.qos.logback.core.joran.action.AppenderAction - About to instantiate appender of type [ch.qos.logback.core.rolling.RollingFileAppender]
20:36:19,619 |-INFO in ch.qos.logback.core.joran.action.AppenderAction - Naming appender as [ACCESS]
20:36:19,620 |-INFO in ch.qos.logback.core.rolling.FixedWindowRollingPolicy@293a5bf6 - No compression will be used
20:36:19,620 |-INFO in ch.qos.logback.core.joran.action.NestedComplexPropertyIA - Assuming default type [ch.qos.logback.classic.encoder.PatternLayoutEncoder] for [encoder] property
20:36:19,620 |-INFO in ch.qos.logback.core.rolling.RollingFileAppender[ACCESS] - Active log file name: logs/access.log
20:36:19,620 |-INFO in ch.qos.logback.core.rolling.RollingFileAppender[ACCESS] - File property is set to [logs/access.log]
20:36:19,620 |-INFO in ch.qos.logback.core.joran.action.AppenderAction - About to instantiate appender of type [ch.qos.logback.core.rolling.RollingFileAppender]
20:36:19,620 |-INFO in ch.qos.logback.core.joran.action.AppenderAction - Naming appender as [COMMON_EXCEPTION]
20:36:19,621 |-INFO in ch.qos.logback.core.rolling.FixedWindowRollingPolicy@6aeb35e6 - No compression will be used
20:36:19,621 |-INFO in ch.qos.logback.core.joran.action.NestedComplexPropertyIA - Assuming default type [ch.qos.logback.classic.encoder.PatternLayoutEncoder] for [encoder] property
20:36:19,621 |-INFO in ch.qos.logback.core.rolling.RollingFileAppender[COMMON_EXCEPTION] - Active log file name: logs/common_exception.log
20:36:19,621 |-INFO in ch.qos.logback.core.rolling.RollingFileAppender[COMMON_EXCEPTION] - File property is set to [logs/common_exception.log]
20:36:19,624 |-INFO in ch.qos.logback.core.joran.action.AppenderAction - About to instantiate appender of type [ch.qos.logback.classic.AsyncAppender]
20:36:19,625 |-INFO in ch.qos.logback.core.joran.action.AppenderAction - Naming appender as [ASYNC-SERVICE]
20:36:19,625 |-INFO in ch.qos.logback.core.joran.action.AppenderRefAction - Attaching appender named [SERVICE] to ch.qos.logback.classic.AsyncAppender[ASYNC-SERVICE]
20:36:19,625 |-INFO in ch.qos.logback.classic.AsyncAppender[ASYNC-SERVICE] - Attaching appender named [SERVICE] to AsyncAppender.
20:36:19,626 |-INFO in ch.qos.logback.classic.AsyncAppender[ASYNC-SERVICE] - Setting discardingThreshold to 204
20:36:19,626 |-INFO in ch.qos.logback.core.joran.action.AppenderAction - About to instantiate appender of type [ch.qos.logback.classic.AsyncAppender]
20:36:19,626 |-INFO in ch.qos.logback.core.joran.action.AppenderAction - Naming appender as [ASYNC-COMMON_EXCEPTION]
20:36:19,626 |-INFO in ch.qos.logback.core.joran.action.AppenderRefAction - Attaching appender named [COMMON_EXCEPTION] to ch.qos.logback.classic.AsyncAppender[ASYNC-COMMON_EXCEPTION]
20:36:19,626 |-INFO in ch.qos.logback.classic.AsyncAppender[ASYNC-COMMON_EXCEPTION] - Attaching appender named [COMMON_EXCEPTION] to AsyncAppender.
20:36:19,626 |-INFO in ch.qos.logback.classic.AsyncAppender[ASYNC-COMMON_EXCEPTION] - Setting discardingThreshold to 204
20:36:19,626 |-INFO in ch.qos.logback.core.joran.action.AppenderAction - About to instantiate appender of type [ch.qos.logback.classic.AsyncAppender]
20:36:19,626 |-INFO in ch.qos.logback.core.joran.action.AppenderAction - Naming appender as [ASYNC-ACCESS]
20:36:19,627 |-INFO in ch.qos.logback.core.joran.action.AppenderRefAction - Attaching appender named [ACCESS] to ch.qos.logback.classic.AsyncAppender[ASYNC-ACCESS]
20:36:19,627 |-INFO in ch.qos.logback.classic.AsyncAppender[ASYNC-ACCESS] - Attaching appender named [ACCESS] to AsyncAppender.
20:36:19,627 |-INFO in ch.qos.logback.classic.AsyncAppender[ASYNC-ACCESS] - Setting discardingThreshold to 204
20:36:19,628 |-INFO in ch.qos.logback.classic.joran.action.RootLoggerAction - Setting level of ROOT logger to INFO
20:36:19,628 |-INFO in ch.qos.logback.classic.jul.LevelChangePropagator@130d63be - Propagating INFO level on Logger[ROOT] onto the JUL framework
20:36:19,628 |-INFO in ch.qos.logback.core.joran.action.AppenderRefAction - Attaching appender named [ASYNC-SERVICE] to Logger[ROOT]
20:36:19,628 |-INFO in ch.qos.logback.core.joran.action.AppenderRefAction - Attaching appender named [STDOUT] to Logger[ROOT]
20:36:19,629 |-INFO in ch.qos.logback.classic.joran.action.LoggerAction - Setting level of logger [com.twitter.finatra.http.filters.AccessLoggingFilter] to INFO
20:36:19,629 |-INFO in ch.qos.logback.classic.jul.LevelChangePropagator@130d63be - Propagating INFO level on Logger[com.twitter.finatra.http.filters.AccessLoggingFilter] onto the JUL framework
20:36:19,629 |-INFO in ch.qos.logback.classic.joran.action.LoggerAction - Setting additivity of logger [com.twitter.finatra.http.filters.AccessLoggingFilter] to false
20:36:19,629 |-INFO in ch.qos.logback.core.joran.action.AppenderRefAction - Attaching appender named [ASYNC-ACCESS] to Logger[com.twitter.finatra.http.filters.AccessLoggingFilter]
20:36:19,629 |-INFO in ch.qos.logback.classic.joran.action.LoggerAction - Setting level of logger [CommonExceptionMapping] to WARN
20:36:19,629 |-INFO in ch.qos.logback.classic.jul.LevelChangePropagator@130d63be - Propagating WARN level on Logger[CommonExceptionMapping] onto the JUL framework
20:36:19,629 |-INFO in ch.qos.logback.classic.joran.action.LoggerAction - Setting additivity of logger [CommonExceptionMapping] to false
20:36:19,629 |-INFO in ch.qos.logback.core.joran.action.AppenderRefAction - Attaching appender named [ASYNC-COMMON_EXCEPTION] to Logger[CommonExceptionMapping]
20:36:19,629 |-INFO in ch.qos.logback.classic.joran.action.ConfigurationAction - End of configuration.
20:36:19,630 |-INFO in ch.qos.logback.classic.joran.JoranConfigurator@1283bb96 - Registering current configuration as safe fallback point

2020-12-06 20:36:19 [main] INFO  c.t.util.logging.Slf4jBridgeUtility$ - org.slf4j.bridge.SLF4JBridgeHandler installed.
2020-12-06 20:36:20 [main] INFO  com.twitter.finagle.http.HttpMuxer$ - HttpMuxer[/admin/metrics.json] = com.twitter.finagle.stats.MetricsExporter(<function1>)
2020-12-06 20:36:20 [main] INFO  com.twitter.finagle.http.HttpMuxer$ - HttpMuxer[/admin/per_host_metrics.json] = com.twitter.finagle.stats.HostMetricsExporter(<function1>)
2020-12-06 20:36:20 [main] INFO  xed.api_service.MainApp$ - Process started
Loading app mode:
 - From properties: development
 - From ENV: null
Use mode: development
Flag local.doc.root already defined!
Flag doc.root already defined!
2020-12-06 20:36:20 [main] INFO  xed.api_service.MainApp$ - Serving admin http on 0.0.0.0/0.0.0.0:9990
2020-12-06 20:36:21 [main] INFO  com.twitter.finagle - Finagle version 18.4.0 (rev=82da7ddebf5de885f2adaf556d91ef39c2ffe937) built at 20180410-151513
com.google.inject.CreationException: Unable to create injector, see the following errors:

1) No implementation for xed.api_service.service.statistic.CountService was bound.
  while locating xed.api_service.service.statistic.CountService
    for parameter 0 at xed.api_service.service.SimpleAlertService.<init>(AlertService.scala:21)
  at xed.api_service.module.XedApiModule$.configure(XedModule.scala:83) (via modules: com.google.inject.util.Modules$OverrideModule -> xed.api_service.module.XedApiModule$)

2) No implementation for xed.api_service.service.statistic.CountService was bound.
  at xed.api_service.module.XedApiModule$.providesDeckEventPublisher(XedModule.scala:150) (via modules: com.google.inject.util.Modules$OverrideModule -> xed.api_service.module.XedApiModule$)

2 errors
	at com.google.inject.internal.Errors.throwCreationExceptionIfErrorsExist(Errors.java:466)
	at com.google.inject.internal.InternalInjectorCreator.initializeStatically(InternalInjectorCreator.java:155)
	at com.google.inject.internal.InternalInjectorCreator.build(InternalInjectorCreator.java:107)
	at com.google.inject.Guice.createInjector(Guice.java:96)
	at com.google.inject.Guice.createInjector(Guice.java:84)
	at com.twitter.inject.app.internal.InstalledModules$.create(InstalledModules.scala:37)
	at com.twitter.inject.app.App$class.loadModules(App.scala:137)
	at xed.api_service.Server.loadModules(Server.scala:37)
	at com.twitter.inject.app.App$class.main(App.scala:52)
	at xed.api_service.Server.com$twitter$inject$server$TwitterServer$$super$main(Server.scala:37)
	at com.twitter.inject.server.TwitterServer$class.main(TwitterServer.scala:160)
	at xed.api_service.Server.main(Server.scala:37)
	at sun.reflect.NativeMethodAccessorImpl.invoke0(Native Method)
	at sun.reflect.NativeMethodAccessorImpl.invoke(NativeMethodAccessorImpl.java:62)
	at sun.reflect.DelegatingMethodAccessorImpl.invoke(DelegatingMethodAccessorImpl.java:43)
	at java.lang.reflect.Method.invoke(Method.java:498)
	at com.twitter.app.App$$anonfun$nonExitingMain$4.apply(App.scala:342)
	at com.twitter.app.App$$anonfun$nonExitingMain$4.apply(App.scala:341)
	at scala.Option.foreach(Option.scala:257)
	at com.twitter.app.App$class.nonExitingMain(App.scala:341)
	at xed.api_service.Server.nonExitingMain(Server.scala:37)
	at com.twitter.app.App$class.main(App.scala:304)
	at xed.api_service.Server.main(Server.scala:37)
	at xed.api_service.MainApp.main(Server.scala)
Exception thrown in main on startup

21:06:50,122 |-INFO in ch.qos.logback.classic.LoggerContext[default] - Could NOT find resource [logback.groovy]
21:06:50,123 |-INFO in ch.qos.logback.classic.LoggerContext[default] - Could NOT find resource [logback-test.xml]
21:06:50,123 |-INFO in ch.qos.logback.classic.LoggerContext[default] - Found resource [logback.xml] at [jar:file:/home/cooky/documents/tf/api-service/dist/api-service.jar!/logback.xml]
21:06:50,137 |-INFO in ch.qos.logback.core.joran.spi.ConfigurationWatchList@7d8995e - URL [jar:file:/home/cooky/documents/tf/api-service/dist/api-service.jar!/logback.xml] is not of type file
21:06:50,181 |-INFO in ch.qos.logback.classic.joran.action.ConfigurationAction - debug attribute not set
21:06:50,186 |-INFO in ch.qos.logback.core.joran.action.ShutdownHookAction - About to instantiate shutdown hook of type [ch.qos.logback.core.hook.DelayingShutdownHook]
21:06:50,188 |-INFO in ch.qos.logback.classic.joran.action.LoggerContextListenerAction - Adding LoggerContextListener of type [ch.qos.logback.classic.jul.LevelChangePropagator] to the object stack
21:06:50,202 |-INFO in ch.qos.logback.classic.jul.LevelChangePropagator@130d63be - Propagating DEBUG level on Logger[ROOT] onto the JUL framework
21:06:50,202 |-INFO in ch.qos.logback.classic.joran.action.LoggerContextListenerAction - Starting LoggerContextListener
21:06:50,202 |-INFO in ch.qos.logback.core.joran.action.AppenderAction - About to instantiate appender of type [ch.qos.logback.core.ConsoleAppender]
21:06:50,204 |-INFO in ch.qos.logback.core.joran.action.AppenderAction - Naming appender as [STDOUT]
21:06:50,239 |-WARN in ch.qos.logback.core.ConsoleAppender[STDOUT] - This appender no longer admits a layout as a sub-component, set an encoder instead.
21:06:50,239 |-WARN in ch.qos.logback.core.ConsoleAppender[STDOUT] - To ensure compatibility, wrapping your layout in LayoutWrappingEncoder.
21:06:50,239 |-WARN in ch.qos.logback.core.ConsoleAppender[STDOUT] - See also http://logback.qos.ch/codes.html#layoutInsteadOfEncoder for details
21:06:50,240 |-INFO in ch.qos.logback.core.joran.action.AppenderAction - About to instantiate appender of type [ch.qos.logback.core.rolling.RollingFileAppender]
21:06:50,242 |-INFO in ch.qos.logback.core.joran.action.AppenderAction - Naming appender as [SERVICE]
21:06:50,249 |-INFO in ch.qos.logback.core.rolling.FixedWindowRollingPolicy@42a48628 - No compression will be used
21:06:50,253 |-INFO in ch.qos.logback.core.joran.action.NestedComplexPropertyIA - Assuming default type [ch.qos.logback.classic.encoder.PatternLayoutEncoder] for [encoder] property
21:06:50,255 |-INFO in ch.qos.logback.core.rolling.RollingFileAppender[SERVICE] - Active log file name: logs/service.log
21:06:50,255 |-INFO in ch.qos.logback.core.rolling.RollingFileAppender[SERVICE] - File property is set to [logs/service.log]
21:06:50,256 |-INFO in ch.qos.logback.core.joran.action.AppenderAction - About to instantiate appender of type [ch.qos.logback.core.rolling.RollingFileAppender]
21:06:50,256 |-INFO in ch.qos.logback.core.joran.action.AppenderAction - Naming appender as [ACCESS]
21:06:50,257 |-INFO in ch.qos.logback.core.rolling.FixedWindowRollingPolicy@293a5bf6 - No compression will be used
21:06:50,257 |-INFO in ch.qos.logback.core.joran.action.NestedComplexPropertyIA - Assuming default type [ch.qos.logback.classic.encoder.PatternLayoutEncoder] for [encoder] property
21:06:50,258 |-INFO in ch.qos.logback.core.rolling.RollingFileAppender[ACCESS] - Active log file name: logs/access.log
21:06:50,258 |-INFO in ch.qos.logback.core.rolling.RollingFileAppender[ACCESS] - File property is set to [logs/access.log]
21:06:50,258 |-INFO in ch.qos.logback.core.joran.action.AppenderAction - About to instantiate appender of type [ch.qos.logback.core.rolling.RollingFileAppender]
21:06:50,258 |-INFO in ch.qos.logback.core.joran.action.AppenderAction - Naming appender as [COMMON_EXCEPTION]
21:06:50,259 |-INFO in ch.qos.logback.core.rolling.FixedWindowRollingPolicy@6aeb35e6 - No compression will be used
21:06:50,260 |-INFO in ch.qos.logback.core.joran.action.NestedComplexPropertyIA - Assuming default type [ch.qos.logback.classic.encoder.PatternLayoutEncoder] for [encoder] property
21:06:50,260 |-INFO in ch.qos.logback.core.rolling.RollingFileAppender[COMMON_EXCEPTION] - Active log file name: logs/common_exception.log
21:06:50,260 |-INFO in ch.qos.logback.core.rolling.RollingFileAppender[COMMON_EXCEPTION] - File property is set to [logs/common_exception.log]
21:06:50,264 |-INFO in ch.qos.logback.core.joran.action.AppenderAction - About to instantiate appender of type [ch.qos.logback.classic.AsyncAppender]
21:06:50,266 |-INFO in ch.qos.logback.core.joran.action.AppenderAction - Naming appender as [ASYNC-SERVICE]
21:06:50,267 |-INFO in ch.qos.logback.core.joran.action.AppenderRefAction - Attaching appender named [SERVICE] to ch.qos.logback.classic.AsyncAppender[ASYNC-SERVICE]
21:06:50,267 |-INFO in ch.qos.logback.classic.AsyncAppender[ASYNC-SERVICE] - Attaching appender named [SERVICE] to AsyncAppender.
21:06:50,267 |-INFO in ch.qos.logback.classic.AsyncAppender[ASYNC-SERVICE] - Setting discardingThreshold to 204
21:06:50,267 |-INFO in ch.qos.logback.core.joran.action.AppenderAction - About to instantiate appender of type [ch.qos.logback.classic.AsyncAppender]
21:06:50,267 |-INFO in ch.qos.logback.core.joran.action.AppenderAction - Naming appender as [ASYNC-COMMON_EXCEPTION]
21:06:50,267 |-INFO in ch.qos.logback.core.joran.action.AppenderRefAction - Attaching appender named [COMMON_EXCEPTION] to ch.qos.logback.classic.AsyncAppender[ASYNC-COMMON_EXCEPTION]
21:06:50,268 |-INFO in ch.qos.logback.classic.AsyncAppender[ASYNC-COMMON_EXCEPTION] - Attaching appender named [COMMON_EXCEPTION] to AsyncAppender.
21:06:50,268 |-INFO in ch.qos.logback.classic.AsyncAppender[ASYNC-COMMON_EXCEPTION] - Setting discardingThreshold to 204
21:06:50,268 |-INFO in ch.qos.logback.core.joran.action.AppenderAction - About to instantiate appender of type [ch.qos.logback.classic.AsyncAppender]
21:06:50,268 |-INFO in ch.qos.logback.core.joran.action.AppenderAction - Naming appender as [ASYNC-ACCESS]
21:06:50,268 |-INFO in ch.qos.logback.core.joran.action.AppenderRefAction - Attaching appender named [ACCESS] to ch.qos.logback.classic.AsyncAppender[ASYNC-ACCESS]
21:06:50,268 |-INFO in ch.qos.logback.classic.AsyncAppender[ASYNC-ACCESS] - Attaching appender named [ACCESS] to AsyncAppender.
21:06:50,268 |-INFO in ch.qos.logback.classic.AsyncAppender[ASYNC-ACCESS] - Setting discardingThreshold to 204
21:06:50,271 |-INFO in ch.qos.logback.classic.joran.action.RootLoggerAction - Setting level of ROOT logger to INFO
21:06:50,271 |-INFO in ch.qos.logback.classic.jul.LevelChangePropagator@130d63be - Propagating INFO level on Logger[ROOT] onto the JUL framework
21:06:50,271 |-INFO in ch.qos.logback.core.joran.action.AppenderRefAction - Attaching appender named [ASYNC-SERVICE] to Logger[ROOT]
21:06:50,271 |-INFO in ch.qos.logback.core.joran.action.AppenderRefAction - Attaching appender named [STDOUT] to Logger[ROOT]
21:06:50,271 |-INFO in ch.qos.logback.classic.joran.action.LoggerAction - Setting level of logger [com.twitter.finatra.http.filters.AccessLoggingFilter] to INFO
21:06:50,271 |-INFO in ch.qos.logback.classic.jul.LevelChangePropagator@130d63be - Propagating INFO level on Logger[com.twitter.finatra.http.filters.AccessLoggingFilter] onto the JUL framework
21:06:50,272 |-INFO in ch.qos.logback.classic.joran.action.LoggerAction - Setting additivity of logger [com.twitter.finatra.http.filters.AccessLoggingFilter] to false
21:06:50,272 |-INFO in ch.qos.logback.core.joran.action.AppenderRefAction - Attaching appender named [ASYNC-ACCESS] to Logger[com.twitter.finatra.http.filters.AccessLoggingFilter]
21:06:50,272 |-INFO in ch.qos.logback.classic.joran.action.LoggerAction - Setting level of logger [CommonExceptionMapping] to WARN
21:06:50,272 |-INFO in ch.qos.logback.classic.jul.LevelChangePropagator@130d63be - Propagating WARN level on Logger[CommonExceptionMapping] onto the JUL framework
21:06:50,272 |-INFO in ch.qos.logback.classic.joran.action.LoggerAction - Setting additivity of logger [CommonExceptionMapping] to false
21:06:50,272 |-INFO in ch.qos.logback.core.joran.action.AppenderRefAction - Attaching appender named [ASYNC-COMMON_EXCEPTION] to Logger[CommonExceptionMapping]
21:06:50,272 |-INFO in ch.qos.logback.classic.joran.action.ConfigurationAction - End of configuration.
21:06:50,273 |-INFO in ch.qos.logback.classic.joran.JoranConfigurator@1283bb96 - Registering current configuration as safe fallback point

2020-12-06 21:06:50 [main] INFO  c.t.util.logging.Slf4jBridgeUtility$ - org.slf4j.bridge.SLF4JBridgeHandler installed.
2020-12-06 21:06:51 [main] INFO  com.twitter.finagle.http.HttpMuxer$ - HttpMuxer[/admin/metrics.json] = com.twitter.finagle.stats.MetricsExporter(<function1>)
2020-12-06 21:06:51 [main] INFO  com.twitter.finagle.http.HttpMuxer$ - HttpMuxer[/admin/per_host_metrics.json] = com.twitter.finagle.stats.HostMetricsExporter(<function1>)
2020-12-06 21:06:51 [main] INFO  xed.api_service.MainApp$ - Process started
Loading app mode:
 - From properties: development
 - From ENV: null
Use mode: development
Flag local.doc.root already defined!
Flag doc.root already defined!
2020-12-06 21:06:51 [main] INFO  xed.api_service.MainApp$ - Serving admin http on 0.0.0.0/0.0.0.0:9990
2020-12-06 21:06:51 [main] INFO  com.twitter.finagle - Finagle version 18.4.0 (rev=82da7ddebf5de885f2adaf556d91ef39c2ffe937) built at 20180410-151513
2020-12-06 21:06:52 [main] INFO  c.twitter.finatra.utils.FileResolver - Local file mode enabled
ERROR StatusLogger Log4j2 could not find a logging implementation. Please add log4j-core to the classpath. Using SimpleLogger to log to the console...
2020-12-06 21:06:54 [main] INFO  xed.api_service.module.XedApiModule$ - Add localhost:9300 to transport address
2020-12-06 21:06:54 [main] INFO  x.a.repository.DeckRepository - --> Add type card
2020-12-06 21:06:54 [main] INFO  x.a.repository.DeckRepository - --> With mapping {"_all":{"enabled":"false"},"properties":{"card_type":{"type":"integer"},"card_version":{"type":"integer"},"created_time":{"type":"long"},"deck_id":{"type":"keyword"},"design":{"enabled":false,"type":"object"},"id":{"doc_values":false,"index":false,"type":"keyword"},"updated_time":{"type":"long"},"username":{"type":"keyword"}}}
2020-12-06 21:06:54 [main] INFO  x.a.repository.DeckRepository - => Mapping merged! Type card with mapping {"_all":{"enabled":"false"},"properties":{"card_type":{"type":"integer"},"card_version":{"type":"integer"},"created_time":{"type":"long"},"deck_id":{"type":"keyword"},"design":{"enabled":false,"type":"object"},"id":{"doc_values":false,"index":false,"type":"keyword"},"updated_time":{"type":"long"},"username":{"type":"keyword"}}}
2020-12-06 21:06:54 [main] INFO  x.a.repository.DeckRepository - --> Add type deck
2020-12-06 21:06:54 [main] INFO  x.a.repository.DeckRepository - --> With mapping {"_all":{"enabled":"false"},"properties":{"cards":{"type":"keyword"},"category":{"type":"keyword"},"created_time":{"type":"long"},"deck_status":{"type":"integer"},"description":{"fields":{"raw":{"ignore_above":1024,"type":"keyword"}},"type":"text"},"design":{"enabled":false,"type":"object"},"id":{"doc_values":false,"index":false,"type":"keyword"},"name":{"fields":{"raw":{"ignore_above":512,"type":"keyword"}},"type":"text"},"thumbnail":{"doc_values":false,"index":false,"type":"keyword"},"total_likes":{"type":"integer"},"updated_time":{"type":"long"},"username":{"type":"keyword"},"weekly_total_likes":{"type":"integer"}}}
2020-12-06 21:06:54 [main] INFO  x.a.repository.DeckRepository - => Mapping merged! Type deck with mapping {"_all":{"enabled":"false"},"properties":{"cards":{"type":"keyword"},"category":{"type":"keyword"},"created_time":{"type":"long"},"deck_status":{"type":"integer"},"description":{"fields":{"raw":{"ignore_above":1024,"type":"keyword"}},"type":"text"},"design":{"enabled":false,"type":"object"},"id":{"doc_values":false,"index":false,"type":"keyword"},"name":{"fields":{"raw":{"ignore_above":512,"type":"keyword"}},"type":"text"},"thumbnail":{"doc_values":false,"index":false,"type":"keyword"},"total_likes":{"type":"integer"},"updated_time":{"type":"long"},"username":{"type":"keyword"},"weekly_total_likes":{"type":"integer"}}}
2020-12-06 21:06:54 [main] INFO  x.a.repository.SRSRepository - --> Add type model
2020-12-06 21:06:54 [main] INFO  x.a.repository.SRSRepository - --> With mapping {"_all":{"enabled":"false"},"properties":{"card_id":{"type":"keyword"},"created_time":{"type":"long"},"deck_id":{"type":"keyword"},"due_date":{"type":"long"},"id":{"doc_values":false,"index":false,"type":"keyword"},"last_review_time":{"type":"long"},"memorizing_level":{"type":"integer"},"source":{"type":"keyword"},"start_date":{"type":"long"},"status":{"type":"keyword"},"stop_review":{"type":"boolean"},"updated_time":{"type":"long"},"username":{"type":"keyword"}}}
2020-12-06 21:06:54 [main] INFO  x.a.repository.SRSRepository - => Mapping merged! Type model with mapping {"_all":{"enabled":"false"},"properties":{"card_id":{"type":"keyword"},"created_time":{"type":"long"},"deck_id":{"type":"keyword"},"due_date":{"type":"long"},"id":{"doc_values":false,"index":false,"type":"keyword"},"last_review_time":{"type":"long"},"memorizing_level":{"type":"integer"},"source":{"type":"keyword"},"start_date":{"type":"long"},"status":{"type":"keyword"},"stop_review":{"type":"boolean"},"updated_time":{"type":"long"},"username":{"type":"keyword"}}}
2020-12-06 21:06:54 [main] INFO  x.a.repository.SRSRepository - --> Add type review
2020-12-06 21:06:54 [main] INFO  x.a.repository.SRSRepository - --> With mapping {"_all":{"enabled":"false"},"properties":{"answer":{"type":"integer"},"card_id":{"type":"keyword"},"created_time":{"type":"long"},"deck_id":{"type":"keyword"},"duration":{"type":"integer"},"id":{"doc_values":false,"index":false,"type":"keyword"},"memorizing_level":{"type":"integer"},"success":{"type":"boolean"},"username":{"type":"keyword"}}}
2020-12-06 21:06:54 [main] INFO  x.a.repository.SRSRepository - => Mapping merged! Type review with mapping {"_all":{"enabled":"false"},"properties":{"answer":{"type":"integer"},"card_id":{"type":"keyword"},"created_time":{"type":"long"},"deck_id":{"type":"keyword"},"duration":{"type":"integer"},"id":{"doc_values":false,"index":false,"type":"keyword"},"memorizing_level":{"type":"integer"},"success":{"type":"boolean"},"username":{"type":"keyword"}}}
2020-12-06 21:06:55 [main] INFO  x.a.r.ReviewHistoryRepository - --> Add type model
2020-12-06 21:06:55 [main] INFO  x.a.r.ReviewHistoryRepository - --> With mapping {"_all":{"enabled":"false"},"properties":{"card_id":{"type":"keyword"},"created_time":{"type":"long"},"deck_id":{"type":"keyword"},"due_date":{"type":"long"},"id":{"doc_values":false,"index":false,"type":"keyword"},"last_review_time":{"type":"long"},"memorizing_level":{"type":"integer"},"source":{"type":"keyword"},"start_date":{"type":"long"},"status":{"type":"keyword"},"stop_review":{"type":"boolean"},"updated_time":{"type":"long"},"username":{"type":"keyword"}}}
2020-12-06 21:06:55 [main] INFO  x.a.r.ReviewHistoryRepository - => Mapping merged! Type model with mapping {"_all":{"enabled":"false"},"properties":{"card_id":{"type":"keyword"},"created_time":{"type":"long"},"deck_id":{"type":"keyword"},"due_date":{"type":"long"},"id":{"doc_values":false,"index":false,"type":"keyword"},"last_review_time":{"type":"long"},"memorizing_level":{"type":"integer"},"source":{"type":"keyword"},"start_date":{"type":"long"},"status":{"type":"keyword"},"stop_review":{"type":"boolean"},"updated_time":{"type":"long"},"username":{"type":"keyword"}}}
2020-12-06 21:06:55 [main] INFO  x.a.r.ReviewHistoryRepository - --> Add type review
2020-12-06 21:06:55 [main] INFO  x.a.r.ReviewHistoryRepository - --> With mapping {"_all":{"enabled":"false"},"properties":{"answer":{"type":"integer"},"card_id":{"type":"keyword"},"created_time":{"type":"long"},"deck_id":{"type":"keyword"},"duration":{"type":"integer"},"id":{"doc_values":false,"index":false,"type":"keyword"},"memorizing_level":{"type":"integer"},"success":{"type":"boolean"},"username":{"type":"keyword"}}}
2020-12-06 21:06:55 [main] INFO  x.a.r.ReviewHistoryRepository - => Mapping merged! Type review with mapping {"_all":{"enabled":"false"},"properties":{"answer":{"type":"integer"},"card_id":{"type":"keyword"},"created_time":{"type":"long"},"deck_id":{"type":"keyword"},"duration":{"type":"integer"},"id":{"doc_values":false,"index":false,"type":"keyword"},"memorizing_level":{"type":"integer"},"success":{"type":"boolean"},"username":{"type":"keyword"}}}
2020-12-06 21:06:55 [main] INFO  xed.api_service.MainApp$ - Resolving Finagle clients before warmup
2020-12-06 21:06:55 [main] INFO  com.twitter.finagle - user-profile-from-api-service resolved to Addr.Bound, current size=1
2020-12-06 21:06:55 [main] INFO  com.twitter.finagle - auth-caas-service-from-api-service resolved to Addr.Bound, current size=1
2020-12-06 21:06:55 [main] INFO  xed.api_service.MainApp$ - Done resolving clients: [user-profile-from-api-service, auth-caas-service-from-api-service].
2020-12-06 21:06:55 [main] INFO  c.t.s.internal.FinagleBuildRevision$ - Resolved Finagle build revision: (rev=82da7ddebf5de885f2adaf556d91ef39c2ffe937)
2020-12-06 21:06:56 [main] INFO  xed.api_service.MainApp$ - Warming up.
2020-12-06 21:06:56 [main] INFO  xed.api_service.MainApp$ - Disabling the Admin HTTP Server since disableAdminHttpServer=true
2020-12-06 21:06:56 [main] INFO  c.t.finatra.http.routing.HttpRouter - Adding routes
GET     /_profiler
POST    /_profiler/clear_all
GET     /test/string
GET     /test/object
GET     /test/error
POST    /deck/:deck_id/card
POST    /deck/add_news_card
POST    /deck/:deck_id/cards
POST    /deck/:deck_id/remove_cards
POST    /deck
PUT     /deck/:deck_id
POST    /deck/set_likes
POST    /deck/set_weekly_likes
GET     /deck/:deck_id
POST    /deck/list
POST    /deck/:deck_id/unpublish
POST    /deck/:deck_id/publish
POST    /deck/multi_del
DELETE  /deck/:deck_id/del
DELETE  /deck/:deck_id
GET     /deck/list/new
GET     /deck/trending
POST    /deck/search
POST    /deck/search/me
GET     /deck/category/list
PUT     /card/:card_id
GET     /card/:card_id
POST    /card/list
POST    /card/detail/list
POST    /card/detail/tab
DELETE  /card/:card_id
GET     /srs/card/due
POST    /srs/card/:card_id
POST    /srs/card
POST    /srs/card/:card_id/review
POST    /srs/card/:card_id/learn_again
POST    /srs/card/:card_id/move_done
POST    /srs/card/:card_id/ignore
DELETE  /srs/card/:card_id
POST    /srs/card/list/delete
POST    /srs/list
POST    /srs/card/list
POST    /srs/search/deck/due
POST    /srs/search/deck/learning
POST    /srs/search/deck/done
POST    /srs/card/search/due
POST    /srs/card/search/learning
POST    /srs/card/search/done
POST    /srs/card/search
GET     /statistic/cards
GET     /statistic/card_report
GET     /statistic/learning_time
GET     /public/:*
2020-12-06 21:06:56 [main] INFO  xed.api_service.MainApp$ - http server started on port: 8864
2020-12-06 21:06:56 [main] INFO  xed.api_service.MainApp$ - afterPostWarmup
2020-12-06 21:06:56 [main] INFO  Analytics - Start Analytics Service Num Thread: 8
2020-12-06 21:06:56 [main] INFO  xed.api_service.MainApp$ - xed.api_service.MainApp started.
2020-12-06 21:06:56 [main] INFO  xed.api_service.MainApp$ - Startup complete, server awaiting.
2020-12-06 21:06:56 [main] INFO  com.twitter.inject.server.Awaiter$ - Awaiting 1 awaitables: 
com.twitter.finagle.server.ListeningStackServer$$anon$1
2020-12-06 21:07:08 [finagle/netty4-2] ERROR xed.userprofile.AuthenServiceImpl - Error in getUserWithSessionId: 70892304-7f4e-4283-be02-7a1e7102a2ba - Session expired or not exist
2020-12-06 21:07:08 [finagle/netty4-2] ERROR x.a.c.http.filter.InjectAuthenFilter - No user was found for the session id = 70892304-7f4e-4283-be02-7a1e7102a2ba
2020-12-06 21:13:04 [finagle/netty4-2] ERROR xed.userprofile.AuthenServiceImpl - Error in getUserWithSessionId: 70892304-7f4e-4283-be02-7a1e7102a2ba - Session expired or not exist
2020-12-06 21:13:04 [finagle/netty4-2] ERROR x.a.c.http.filter.InjectAuthenFilter - No user was found for the session id = 70892304-7f4e-4283-be02-7a1e7102a2ba
2020-12-06 21:32:48 [finagle/netty4-5] ERROR x.a.c.http.filter.InjectAuthenFilter - No user profile was found for the user= up-e3968cfb-d0ea-4f21-829c-36148327421d  with the session id = 758ce1d9-5f38-4012-95f0-d666946d78cb
com.twitter.finagle.Failure: Connection refused: /127.0.0.1:8392 at remote address: /127.0.0.1:8392. Remote Info: Not Available
Caused by: com.twitter.finagle.ConnectionFailedException: Connection refused: /127.0.0.1:8392 at remote address: /127.0.0.1:8392. Remote Info: Not Available
	at com.twitter.finagle.netty4.ConnectionBuilder$$anon$1.operationComplete(ConnectionBuilder.scala:138)
	at com.twitter.finagle.netty4.ConnectionBuilder$$anon$1.operationComplete(ConnectionBuilder.scala:117)
	at io.netty.util.concurrent.DefaultPromise.notifyListener0(DefaultPromise.java:507)
	at io.netty.util.concurrent.DefaultPromise.notifyListeners0(DefaultPromise.java:500)
	at io.netty.util.concurrent.DefaultPromise.notifyListenersNow(DefaultPromise.java:479)
	at io.netty.util.concurrent.DefaultPromise.notifyListeners(DefaultPromise.java:420)
	at io.netty.util.concurrent.DefaultPromise.tryFailure(DefaultPromise.java:122)
	at io.netty.channel.nio.AbstractNioChannel$AbstractNioUnsafe.fulfillConnectPromise(AbstractNioChannel.java:327)
	at io.netty.channel.nio.AbstractNioChannel$AbstractNioUnsafe.finishConnect(AbstractNioChannel.java:343)
	at io.netty.channel.nio.NioEventLoop.processSelectedKey(NioEventLoop.java:632)
	at io.netty.channel.nio.NioEventLoop.processSelectedKeysOptimized(NioEventLoop.java:579)
	at io.netty.channel.nio.NioEventLoop.processSelectedKeys(NioEventLoop.java:496)
	at io.netty.channel.nio.NioEventLoop.run(NioEventLoop.java:458)
	at io.netty.util.concurrent.SingleThreadEventExecutor$5.run(SingleThreadEventExecutor.java:858)
	at java.util.concurrent.ThreadPoolExecutor.runWorker(ThreadPoolExecutor.java:1149)
	at java.util.concurrent.ThreadPoolExecutor$Worker.run(ThreadPoolExecutor.java:624)
	at com.twitter.finagle.util.BlockingTimeTrackingThreadFactory$$anon$1.run(BlockingTimeTrackingThreadFactory.scala:23)
	at java.lang.Thread.run(Thread.java:748)
Caused by: io.netty.channel.AbstractChannel$AnnotatedConnectException: Connection refused: /127.0.0.1:8392
	at sun.nio.ch.SocketChannelImpl.checkConnect(Native Method)
	at sun.nio.ch.SocketChannelImpl.finishConnect(SocketChannelImpl.java:716)
	at io.netty.channel.socket.nio.NioSocketChannel.doFinishConnect(NioSocketChannel.java:352)
	at io.netty.channel.nio.AbstractNioChannel$AbstractNioUnsafe.finishConnect(AbstractNioChannel.java:340)
	... 9 common frames omitted
Caused by: java.net.ConnectException: Connection refused
	... 13 common frames omitted
