2020-12-06 21:07:08,364 ERR                  CommonExceptionMapping    {
  "name": 123456,
  "description": null,
  "design": null,
  "thumbnail": null,
  "deck_status": 0,
  "category": null
} => xed.api_service.domain.exception.UnAuthenticatedError: No logged in user for this request
xed.api_service.domain.exception.UnAuthenticatedError: No logged in user for this request
	at xed.api_service.controller.http.filter.LoggedInUserFilter.apply(InjectAuthenFilter.scala:90)
	at xed.api_service.controller.http.filter.LoggedInUserFilter.apply(InjectAuthenFilter.scala:82)
	at com.twitter.finagle.Filter$$anon$1.apply(Filter.scala:80)
	at com.twitter.finagle.Service$$anon$1.apply(Service.scala:16)
	at xed.api_service.controller.http.filter.InjectAuthenFilter$$anonfun$apply$2$$anonfun$apply$4.apply(InjectAuthenFilter.scala:28)
	at xed.api_service.controller.http.filter.InjectAuthenFilter$$anonfun$apply$2$$anonfun$apply$4.apply(InjectAuthenFilter.scala:28)
	at com.twitter.util.Local.let(Local.scala:144)
	at xed.userprofile.SessionHolderImpl.setAuth(SessionHolder.scala:47)
	at xed.api_service.controller.http.filter.InjectAuthenFilter$$anonfun$apply$2.apply(InjectAuthenFilter.scala:27)
	at xed.api_service.controller.http.filter.InjectAuthenFilter$$anonfun$apply$2.apply(InjectAuthenFilter.scala:26)
	at com.twitter.util.Future$$anonfun$flatMap$1.apply(Future.scala:1755)
	at com.twitter.util.Future$$anonfun$flatMap$1.apply(Future.scala:1754)
	at com.twitter.util.Promise$Transformer.liftedTree1$1(Promise.scala:223)
	at com.twitter.util.Promise$Transformer.k(Promise.scala:223)
	at com.twitter.util.Promise$Transformer.apply(Promise.scala:234)
	at com.twitter.util.Promise$Transformer.apply(Promise.scala:215)
	at com.twitter.util.Promise$WaitQueue$class.com$twitter$util$Promise$WaitQueue$$run(Promise.scala:90)
	at com.twitter.util.Promise$WaitQueue$$anon$5.run(Promise.scala:85)
	at com.twitter.concurrent.LocalScheduler$Activation.run(Scheduler.scala:198)
	at com.twitter.concurrent.LocalScheduler$Activation.submit(Scheduler.scala:157)
	at com.twitter.concurrent.LocalScheduler.submit(Scheduler.scala:274)
	at com.twitter.concurrent.Scheduler$.submit(Scheduler.scala:109)
	at com.twitter.util.Promise$WaitQueue$class.runInScheduler(Promise.scala:85)
	at com.twitter.util.Promise$Transformer.runInScheduler(Promise.scala:215)
	at com.twitter.util.Promise.updateIfEmpty(Promise.scala:739)
	at com.twitter.util.Promise.update(Promise.scala:711)
	at com.twitter.util.Promise.setValue(Promise.scala:687)
	at com.twitter.concurrent.AsyncQueue.offer(AsyncQueue.scala:122)
	at com.twitter.finagle.netty4.transport.ChannelTransport$$anon$2.channelRead(ChannelTransport.scala:188)
	at io.netty.channel.AbstractChannelHandlerContext.invokeChannelRead(AbstractChannelHandlerContext.java:362)
	at io.netty.channel.AbstractChannelHandlerContext.invokeChannelRead(AbstractChannelHandlerContext.java:348)
	at io.netty.channel.AbstractChannelHandlerContext.fireChannelRead(AbstractChannelHandlerContext.java:340)
	at io.netty.channel.CombinedChannelDuplexHandler$DelegatingChannelHandlerContext.fireChannelRead(CombinedChannelDuplexHandler.java:438)
	at com.twitter.finagle.thrift.transport.netty4.ThriftByteBufToArrayDecoder$.channelRead(ThriftByteBufToArrayDecoder.scala:20)
	at io.netty.channel.CombinedChannelDuplexHandler.channelRead(CombinedChannelDuplexHandler.java:253)
	at io.netty.channel.AbstractChannelHandlerContext.invokeChannelRead(AbstractChannelHandlerContext.java:362)
	at io.netty.channel.AbstractChannelHandlerContext.invokeChannelRead(AbstractChannelHandlerContext.java:348)
	at io.netty.channel.AbstractChannelHandlerContext.fireChannelRead(AbstractChannelHandlerContext.java:340)
	at io.netty.channel.CombinedChannelDuplexHandler$DelegatingChannelHandlerContext.fireChannelRead(CombinedChannelDuplexHandler.java:438)
	at io.netty.handler.codec.ByteToMessageDecoder.fireChannelRead(ByteToMessageDecoder.java:310)
	at io.netty.handler.codec.ByteToMessageDecoder.channelRead(ByteToMessageDecoder.java:284)
	at io.netty.channel.CombinedChannelDuplexHandler.channelRead(CombinedChannelDuplexHandler.java:253)
	at io.netty.channel.AbstractChannelHandlerContext.invokeChannelRead(AbstractChannelHandlerContext.java:362)
	at io.netty.channel.AbstractChannelHandlerContext.invokeChannelRead(AbstractChannelHandlerContext.java:348)
	at io.netty.channel.AbstractChannelHandlerContext.fireChannelRead(AbstractChannelHandlerContext.java:340)
	at io.netty.channel.ChannelInboundHandlerAdapter.channelRead(ChannelInboundHandlerAdapter.java:86)
	at io.netty.channel.AbstractChannelHandlerContext.invokeChannelRead(AbstractChannelHandlerContext.java:362)
	at io.netty.channel.AbstractChannelHandlerContext.invokeChannelRead(AbstractChannelHandlerContext.java:348)
	at io.netty.channel.AbstractChannelHandlerContext.fireChannelRead(AbstractChannelHandlerContext.java:340)
	at io.netty.channel.ChannelInboundHandlerAdapter.channelRead(ChannelInboundHandlerAdapter.java:86)
	at com.twitter.finagle.netty4.channel.ChannelRequestStatsHandler.channelRead(ChannelRequestStatsHandler.scala:48)
	at io.netty.channel.AbstractChannelHandlerContext.invokeChannelRead(AbstractChannelHandlerContext.java:362)
	at io.netty.channel.AbstractChannelHandlerContext.invokeChannelRead(AbstractChannelHandlerContext.java:348)
	at io.netty.channel.AbstractChannelHandlerContext.fireChannelRead(AbstractChannelHandlerContext.java:340)
	at io.netty.channel.ChannelInboundHandlerAdapter.channelRead(ChannelInboundHandlerAdapter.java:86)
	at com.twitter.finagle.netty4.channel.ChannelStatsHandler.channelRead(ChannelStatsHandler.scala:117)
	at io.netty.channel.AbstractChannelHandlerContext.invokeChannelRead(AbstractChannelHandlerContext.java:362)
	at io.netty.channel.AbstractChannelHandlerContext.invokeChannelRead(AbstractChannelHandlerContext.java:348)
	at io.netty.channel.AbstractChannelHandlerContext.fireChannelRead(AbstractChannelHandlerContext.java:340)
	at io.netty.channel.DefaultChannelPipeline$HeadContext.channelRead(DefaultChannelPipeline.java:1334)
	at io.netty.channel.AbstractChannelHandlerContext.invokeChannelRead(AbstractChannelHandlerContext.java:362)
	at io.netty.channel.AbstractChannelHandlerContext.invokeChannelRead(AbstractChannelHandlerContext.java:348)
	at io.netty.channel.DefaultChannelPipeline.fireChannelRead(DefaultChannelPipeline.java:926)
	at io.netty.channel.nio.AbstractNioByteChannel$NioByteUnsafe.read(AbstractNioByteChannel.java:134)
	at io.netty.channel.nio.NioEventLoop.processSelectedKey(NioEventLoop.java:644)
	at io.netty.channel.nio.NioEventLoop.processSelectedKeysOptimized(NioEventLoop.java:579)
	at io.netty.channel.nio.NioEventLoop.processSelectedKeys(NioEventLoop.java:496)
	at io.netty.channel.nio.NioEventLoop.run(NioEventLoop.java:458)
	at io.netty.util.concurrent.SingleThreadEventExecutor$5.run(SingleThreadEventExecutor.java:858)
	at java.util.concurrent.ThreadPoolExecutor.runWorker(ThreadPoolExecutor.java:1149)
	at java.util.concurrent.ThreadPoolExecutor$Worker.run(ThreadPoolExecutor.java:624)
	at com.twitter.finagle.util.BlockingTimeTrackingThreadFactory$$anon$1.run(BlockingTimeTrackingThreadFactory.scala:23)
	at java.lang.Thread.run(Thread.java:748)
2020-12-06 21:13:04,438 ERR                  CommonExceptionMapping    {
  "name": 123456,
  "description": null,
  "design": null,
  "thumbnail": null,
  "deck_status": 0,
  "category": null
} => xed.api_service.domain.exception.UnAuthenticatedError: No logged in user for this request
xed.api_service.domain.exception.UnAuthenticatedError: No logged in user for this request
	at xed.api_service.controller.http.filter.LoggedInUserFilter.apply(InjectAuthenFilter.scala:90)
	at xed.api_service.controller.http.filter.LoggedInUserFilter.apply(InjectAuthenFilter.scala:82)
	at com.twitter.finagle.Filter$$anon$1.apply(Filter.scala:80)
	at com.twitter.finagle.Service$$anon$1.apply(Service.scala:16)
	at xed.api_service.controller.http.filter.InjectAuthenFilter$$anonfun$apply$2$$anonfun$apply$4.apply(InjectAuthenFilter.scala:28)
	at xed.api_service.controller.http.filter.InjectAuthenFilter$$anonfun$apply$2$$anonfun$apply$4.apply(InjectAuthenFilter.scala:28)
	at com.twitter.util.Local.let(Local.scala:144)
	at xed.userprofile.SessionHolderImpl.setAuth(SessionHolder.scala:47)
	at xed.api_service.controller.http.filter.InjectAuthenFilter$$anonfun$apply$2.apply(InjectAuthenFilter.scala:27)
	at xed.api_service.controller.http.filter.InjectAuthenFilter$$anonfun$apply$2.apply(InjectAuthenFilter.scala:26)
	at com.twitter.util.Future$$anonfun$flatMap$1.apply(Future.scala:1755)
	at com.twitter.util.Future$$anonfun$flatMap$1.apply(Future.scala:1754)
	at com.twitter.util.Promise$Transformer.liftedTree1$1(Promise.scala:223)
	at com.twitter.util.Promise$Transformer.k(Promise.scala:223)
	at com.twitter.util.Promise$Transformer.apply(Promise.scala:234)
	at com.twitter.util.Promise$Transformer.apply(Promise.scala:215)
	at com.twitter.util.Promise$WaitQueue$class.com$twitter$util$Promise$WaitQueue$$run(Promise.scala:90)
	at com.twitter.util.Promise$WaitQueue$$anon$5.run(Promise.scala:85)
	at com.twitter.concurrent.LocalScheduler$Activation.run(Scheduler.scala:198)
	at com.twitter.concurrent.LocalScheduler$Activation.submit(Scheduler.scala:157)
	at com.twitter.concurrent.LocalScheduler.submit(Scheduler.scala:274)
	at com.twitter.concurrent.Scheduler$.submit(Scheduler.scala:109)
	at com.twitter.util.Promise$WaitQueue$class.runInScheduler(Promise.scala:85)
	at com.twitter.util.Promise$Transformer.runInScheduler(Promise.scala:215)
	at com.twitter.util.Promise.updateIfEmpty(Promise.scala:739)
	at com.twitter.util.Promise.update(Promise.scala:711)
	at com.twitter.util.Promise.setValue(Promise.scala:687)
	at com.twitter.concurrent.AsyncQueue.offer(AsyncQueue.scala:122)
	at com.twitter.finagle.netty4.transport.ChannelTransport$$anon$2.channelRead(ChannelTransport.scala:188)
	at io.netty.channel.AbstractChannelHandlerContext.invokeChannelRead(AbstractChannelHandlerContext.java:362)
	at io.netty.channel.AbstractChannelHandlerContext.invokeChannelRead(AbstractChannelHandlerContext.java:348)
	at io.netty.channel.AbstractChannelHandlerContext.fireChannelRead(AbstractChannelHandlerContext.java:340)
	at io.netty.channel.CombinedChannelDuplexHandler$DelegatingChannelHandlerContext.fireChannelRead(CombinedChannelDuplexHandler.java:438)
	at com.twitter.finagle.thrift.transport.netty4.ThriftByteBufToArrayDecoder$.channelRead(ThriftByteBufToArrayDecoder.scala:20)
	at io.netty.channel.CombinedChannelDuplexHandler.channelRead(CombinedChannelDuplexHandler.java:253)
	at io.netty.channel.AbstractChannelHandlerContext.invokeChannelRead(AbstractChannelHandlerContext.java:362)
	at io.netty.channel.AbstractChannelHandlerContext.invokeChannelRead(AbstractChannelHandlerContext.java:348)
	at io.netty.channel.AbstractChannelHandlerContext.fireChannelRead(AbstractChannelHandlerContext.java:340)
	at io.netty.channel.CombinedChannelDuplexHandler$DelegatingChannelHandlerContext.fireChannelRead(CombinedChannelDuplexHandler.java:438)
	at io.netty.handler.codec.ByteToMessageDecoder.fireChannelRead(ByteToMessageDecoder.java:310)
	at io.netty.handler.codec.ByteToMessageDecoder.channelRead(ByteToMessageDecoder.java:284)
	at io.netty.channel.CombinedChannelDuplexHandler.channelRead(CombinedChannelDuplexHandler.java:253)
	at io.netty.channel.AbstractChannelHandlerContext.invokeChannelRead(AbstractChannelHandlerContext.java:362)
	at io.netty.channel.AbstractChannelHandlerContext.invokeChannelRead(AbstractChannelHandlerContext.java:348)
	at io.netty.channel.AbstractChannelHandlerContext.fireChannelRead(AbstractChannelHandlerContext.java:340)
	at io.netty.channel.ChannelInboundHandlerAdapter.channelRead(ChannelInboundHandlerAdapter.java:86)
	at io.netty.channel.AbstractChannelHandlerContext.invokeChannelRead(AbstractChannelHandlerContext.java:362)
	at io.netty.channel.AbstractChannelHandlerContext.invokeChannelRead(AbstractChannelHandlerContext.java:348)
	at io.netty.channel.AbstractChannelHandlerContext.fireChannelRead(AbstractChannelHandlerContext.java:340)
	at io.netty.channel.ChannelInboundHandlerAdapter.channelRead(ChannelInboundHandlerAdapter.java:86)
	at com.twitter.finagle.netty4.channel.ChannelRequestStatsHandler.channelRead(ChannelRequestStatsHandler.scala:48)
	at io.netty.channel.AbstractChannelHandlerContext.invokeChannelRead(AbstractChannelHandlerContext.java:362)
	at io.netty.channel.AbstractChannelHandlerContext.invokeChannelRead(AbstractChannelHandlerContext.java:348)
	at io.netty.channel.AbstractChannelHandlerContext.fireChannelRead(AbstractChannelHandlerContext.java:340)
	at io.netty.channel.ChannelInboundHandlerAdapter.channelRead(ChannelInboundHandlerAdapter.java:86)
	at com.twitter.finagle.netty4.channel.ChannelStatsHandler.channelRead(ChannelStatsHandler.scala:117)
	at io.netty.channel.AbstractChannelHandlerContext.invokeChannelRead(AbstractChannelHandlerContext.java:362)
	at io.netty.channel.AbstractChannelHandlerContext.invokeChannelRead(AbstractChannelHandlerContext.java:348)
	at io.netty.channel.AbstractChannelHandlerContext.fireChannelRead(AbstractChannelHandlerContext.java:340)
	at io.netty.channel.DefaultChannelPipeline$HeadContext.channelRead(DefaultChannelPipeline.java:1334)
	at io.netty.channel.AbstractChannelHandlerContext.invokeChannelRead(AbstractChannelHandlerContext.java:362)
	at io.netty.channel.AbstractChannelHandlerContext.invokeChannelRead(AbstractChannelHandlerContext.java:348)
	at io.netty.channel.DefaultChannelPipeline.fireChannelRead(DefaultChannelPipeline.java:926)
	at io.netty.channel.nio.AbstractNioByteChannel$NioByteUnsafe.read(AbstractNioByteChannel.java:134)
	at io.netty.channel.nio.NioEventLoop.processSelectedKey(NioEventLoop.java:644)
	at io.netty.channel.nio.NioEventLoop.processSelectedKeysOptimized(NioEventLoop.java:579)
	at io.netty.channel.nio.NioEventLoop.processSelectedKeys(NioEventLoop.java:496)
	at io.netty.channel.nio.NioEventLoop.run(NioEventLoop.java:458)
	at io.netty.util.concurrent.SingleThreadEventExecutor$5.run(SingleThreadEventExecutor.java:858)
	at java.util.concurrent.ThreadPoolExecutor.runWorker(ThreadPoolExecutor.java:1149)
	at java.util.concurrent.ThreadPoolExecutor$Worker.run(ThreadPoolExecutor.java:624)
	at com.twitter.finagle.util.BlockingTimeTrackingThreadFactory$$anon$1.run(BlockingTimeTrackingThreadFactory.scala:23)
	at java.lang.Thread.run(Thread.java:748)
2020-12-06 21:32:48,733 ERR                  CommonExceptionMapping    {
  "name": 123456,
  "description": null,
  "design": null,
  "thumbnail": null,
  "deck_status": 0,
  "category": null
} => com.twitter.finagle.FailedFastException: Endpoint user-profile-from-api-service is marked down. For more details see: https://twitter.github.io/finagle/guide/FAQ.html#why-do-clients-see-com-twitter-finagle-failedfastexception-s. Remote Info: Upstream Address: Not Available, Upstream id: Not Available, Downstream Address: /127.0.0.1:8392, Downstream label: user-profile-from-api-service, Trace Id: 60e7831882d6a88c.8dd6063dc4c44cf3<:60e7831882d6a88c
com.twitter.finagle.FailedFastException: Endpoint user-profile-from-api-service is marked down. For more details see: https://twitter.github.io/finagle/guide/FAQ.html#why-do-clients-see-com-twitter-finagle-failedfastexception-s. Remote Info: Upstream Address: Not Available, Upstream id: Not Available, Downstream Address: /127.0.0.1:8392, Downstream label: user-profile-from-api-service, Trace Id: 60e7831882d6a88c.8dd6063dc4c44cf3<:60e7831882d6a88c
Caused by: com.twitter.finagle.Failure: Connection refused: /127.0.0.1:8392 at remote address: /127.0.0.1:8392. Remote Info: Not Available
Caused by: com.twitter.finagle.ConnectionFailedException: Connection refused: /127.0.0.1:8392 at remote address: /127.0.0.1:8392. Remote Info: Not Available
	at com.twitter.finagle.netty4.ConnectionBuilder$$anon$1.operationComplete(ConnectionBuilder.scala:138)
	at com.twitter.finagle.netty4.ConnectionBuilder$$anon$1.operationComplete(ConnectionBuilder.scala:117)
	at io.netty.util.concurrent.DefaultPromise.notifyListener0(DefaultPromise.java:507)
	at io.netty.util.concurrent.DefaultPromise.notifyListeners0(DefaultPromise.java:500)
	at io.netty.util.concurrent.DefaultPromise.notifyListenersNow(DefaultPromise.java:479)
	at io.netty.util.concurrent.DefaultPromise.notifyListeners(DefaultPromise.java:420)
	at io.netty.util.concurrent.DefaultPromise.tryFailure(DefaultPromise.java:122)
	at io.netty.channel.nio.AbstractNioChannel$AbstractNioUnsafe.fulfillConnectPromise(AbstractNioChannel.java:327)
	at io.netty.channel.nio.AbstractNioChannel$AbstractNioUnsafe.finishConnect(AbstractNioChannel.java:343)
	at io.netty.channel.nio.NioEventLoop.processSelectedKey(NioEventLoop.java:632)
	at io.netty.channel.nio.NioEventLoop.processSelectedKeysOptimized(NioEventLoop.java:579)
	at io.netty.channel.nio.NioEventLoop.processSelectedKeys(NioEventLoop.java:496)
	at io.netty.channel.nio.NioEventLoop.run(NioEventLoop.java:458)
	at io.netty.util.concurrent.SingleThreadEventExecutor$5.run(SingleThreadEventExecutor.java:858)
	at java.util.concurrent.ThreadPoolExecutor.runWorker(ThreadPoolExecutor.java:1149)
	at java.util.concurrent.ThreadPoolExecutor$Worker.run(ThreadPoolExecutor.java:624)
	at com.twitter.finagle.util.BlockingTimeTrackingThreadFactory$$anon$1.run(BlockingTimeTrackingThreadFactory.scala:23)
	at java.lang.Thread.run(Thread.java:748)
Caused by: io.netty.channel.AbstractChannel$AnnotatedConnectException: Connection refused: /127.0.0.1:8392
	at sun.nio.ch.SocketChannelImpl.checkConnect(Native Method)
	at sun.nio.ch.SocketChannelImpl.finishConnect(SocketChannelImpl.java:716)
	at io.netty.channel.socket.nio.NioSocketChannel.doFinishConnect(NioSocketChannel.java:352)
	at io.netty.channel.nio.AbstractNioChannel$AbstractNioUnsafe.finishConnect(AbstractNioChannel.java:340)
	... 9 common frames omitted
Caused by: java.net.ConnectException: Connection refused
	... 13 common frames omitted
